Arguments: 
  /usr/local/bin/node /usr/share/yarn/bin/yarn.js add @rails/actiontext trix

PATH: 
  /home/kamkara/.rbenv/versions/3.0.4/lib/ruby/gems/3.0.0/bin:/home/kamkara/.rbenv/versions/3.0.4/bin:/home/kamkara/.rbenv/libexec:/home/kamkara/.rbenv/plugins/ruby-build/bin:/home/kamkara/.rbenv/shims:/home/kamkara/.rbenv/bin:/home/kamkara/.platformsh/bin:/home/kamkara/.local/bin:/usr/local/sbin:/usr/local/bin:/usr/sbin:/usr/bin:/sbin:/bin:/usr/games:/usr/local/games:/snap/bin

Yarn version: 
  1.22.19

Node version: 
  16.13.1

Platform: 
  linux x64

Trace: 
  Error: getaddrinfo EAI_AGAIN registry.yarnpkg.com
      at GetAddrInfoReqWrap.onlookup [as oncomplete] (node:dns:71:26)

npm manifest: 
  {
    "dependencies": {
      "daisyui": "^2.52.0"
    }
  }

yarn manifest: 
  No manifest

Lockfile: 
  No lockfile
